Copyright 1986-2022 Xilinx, Inc. All Rights Reserved. Copyright 2022-2023 Advanced Micro Devices, Inc. All Rights Reserved.
---------------------------------------------------------------------------------------------------------------------------------------------
| Tool Version : Vivado v.2023.2 (win64) Build 4029153 Fri Oct 13 20:14:34 MDT 2023
| Date         : Thu May 28 12:19:38 2026
| Host         : dell14plus21w running 64-bit major release  (build 9200)
| Command      : report_control_sets -verbose -file top_control_sets_placed.rpt
| Design       : top
| Device       : xc7a35t
---------------------------------------------------------------------------------------------------------------------------------------------

Control Set Information

Table of Contents
-----------------
1. Summary
2. Histogram
3. Flip-Flop Distribution
4. Detailed Control Set Information

1. Summary
----------

+----------------------------------------------------------+-------+
|                          Status                          | Count |
+----------------------------------------------------------+-------+
| Total control sets                                       |    16 |
|    Minimum number of control sets                        |    16 |
|    Addition due to synthesis replication                 |     0 |
|    Addition due to physical synthesis replication        |     0 |
| Unused register locations in slices containing registers |    20 |
+----------------------------------------------------------+-------+
* Control sets can be merged at opt_design using control_set_merge or merge_equivalent_drivers
** Run report_qor_suggestions for automated merging and remapping suggestions


2. Histogram
------------

+--------------------+-------+
|       Fanout       | Count |
+--------------------+-------+
| Total control sets |    16 |
| >= 0 to < 4        |     0 |
| >= 4 to < 6        |     4 |
| >= 6 to < 8        |     1 |
| >= 8 to < 10       |     2 |
| >= 10 to < 12      |     0 |
| >= 12 to < 14      |     0 |
| >= 14 to < 16      |     0 |
| >= 16              |     9 |
+--------------------+-------+
* Control sets can be remapped at either synth_design or opt_design


3. Flip-Flop Distribution
-------------------------

+--------------+-----------------------+------------------------+-----------------+--------------+
| Clock Enable | Synchronous Set/Reset | Asynchronous Set/Reset | Total Registers | Total Slices |
+--------------+-----------------------+------------------------+-----------------+--------------+
| No           | No                    | No                     |              23 |            7 |
| No           | No                    | Yes                    |              10 |            2 |
| No           | Yes                   | No                     |              91 |           23 |
| Yes          | No                    | No                     |               0 |            0 |
| Yes          | No                    | Yes                    |              22 |           11 |
| Yes          | Yes                   | No                     |             114 |           27 |
+--------------+-----------------------+------------------------+-----------------+--------------+


4. Detailed Control Set Information
-----------------------------------

+----------------+-------------------------------------+------------------------------------------+------------------+----------------+--------------+
|  Clock Signal  |            Enable Signal            |             Set/Reset Signal             | Slice Load Count | Bel Load Count | Bels / Slice |
+----------------+-------------------------------------+------------------------------------------+------------------+----------------+--------------+
|  clk_IBUF_BUFG | u_odometre/u_cpt_d/any_edge_reg_n_0 | u_odometre/u_cpt_d/counter[8]_i_1__0_n_0 |                2 |              4 |         2.00 |
|  clk_IBUF_BUFG | u_odometre/u_cpt_g/any_edge         | u_odometre/u_cpt_g/p_0_in[5]             |                1 |              4 |         4.00 |
|  clk_IBUF_BUFG | u_odometre/u_cpt_d/any_edge_reg_n_0 | u_odometre/u_cpt_d/counter[7]_i_1__0_n_0 |                2 |              5 |         2.50 |
|  clk_IBUF_BUFG | u_odometre/u_cpt_g/any_edge         | u_odometre/u_cpt_g/p_0_in[2]             |                2 |              5 |         2.50 |
|  clk_IBUF_BUFG | u_spi/bit_count_0                   | rst_IBUF                                 |                2 |              6 |         3.00 |
|  clk_IBUF_BUFG | u_odometre/chg_pas_d                | u_odometre/u_timer50/SR[0]               |                2 |              8 |         4.00 |
|  clk_IBUF_BUFG | u_odometre/chg_pas_g                | u_odometre/u_timer50/SR[0]               |                2 |              8 |         4.00 |
|  clk_IBUF_BUFG | u_spi/FSM_onehot_state[1]_i_1_n_0   | rst_IBUF                                 |                9 |             16 |         1.78 |
|  clk_IBUF_BUFG | u_odometre/u_timer50/E[0]           | rst_IBUF                                 |                3 |             16 |         5.33 |
|  clk_IBUF_BUFG | u_odometre/chg_pas_d                | u_odometre/acc_v_d                       |                4 |             16 |         4.00 |
|  clk_IBUF_BUFG | u_odometre/chg_pas_g                | u_odometre/acc_v_d                       |                4 |             16 |         4.00 |
|  clk_IBUF_BUFG |                                     | u_odometre/u_timer50/cpt[0]_i_1_n_0      |                6 |             21 |         3.50 |
|  clk_IBUF_BUFG |                                     |                                          |                7 |             23 |         3.29 |
|  clk_IBUF_BUFG |                                     | u_odometre/cpt_166ms[0]_i_1_n_0          |                6 |             24 |         4.00 |
|  clk_IBUF_BUFG | u_odometre/tick_166ms               | rst_IBUF                                 |                5 |             32 |         6.40 |
|  clk_IBUF_BUFG |                                     | rst_IBUF                                 |               13 |             56 |         4.31 |
+----------------+-------------------------------------+------------------------------------------+------------------+----------------+--------------+


