#-----------------------------------------------------------
# Vivado v2023.2 (64-bit)
# SW Build 4029153 on Fri Oct 13 20:14:34 MDT 2023
# IP Build 4028589 on Sat Oct 14 00:45:43 MDT 2023
# SharedData Build 4025554 on Tue Oct 10 17:18:54 MDT 2023
# Start of session at: Fri May 22 08:40:45 2026
# Process ID: 3140
# Current directory: C:/Users/21302088/Downloads/FPGAodometrie
# Command line: vivado.exe -gui_launcher_event rodinguilauncherevent15928 C:\Users\21302088\Downloads\FPGAodometrie\FPGAodometrie.xpr
# Log file: C:/Users/21302088/Downloads/FPGAodometrie/vivado.log
# Journal file: C:/Users/21302088/Downloads/FPGAodometrie\vivado.jou
# Running On: SE103-12, OS: Windows, CPU Frequency: 2112 MHz, CPU Physical cores: 20, Host memory: 16851 MB
#-----------------------------------------------------------
start_gui
open_project C:/Users/21302088/Downloads/FPGAodometrie/FPGAodometrie.xpr
WARNING: [Board 49-26] cannot add Board Part xilinx.com:vek280_es:part0:1.0 available at C:/Xilinx/Vivado/2023.2/data/xhub/boards/XilinxBoardStore/boards/Xilinx/vek280/es/rev_a/1.0/board.xml as part xcve2802-vsvh1760-2lp-e-s-es1 specified in board_part file is either invalid or not available
WARNING: [Board 49-26] cannot add Board Part xilinx.com:vek280_es:part0:1.1 available at C:/Xilinx/Vivado/2023.2/data/xhub/boards/XilinxBoardStore/boards/Xilinx/vek280/es/rev_a/1.1/board.xml as part xcve2802-vsvh1760-2lp-e-s-es1 specified in board_part file is either invalid or not available
WARNING: [Board 49-26] cannot add Board Part xilinx.com:vek280_es_revb:part0:1.0 available at C:/Xilinx/Vivado/2023.2/data/xhub/boards/XilinxBoardStore/boards/Xilinx/vek280/es/rev_b/1.0/board.xml as part xcve2802-vsvh1760-2mp-e-s-es1 specified in board_part file is either invalid or not available
WARNING: [Board 49-26] cannot add Board Part xilinx.com:vek280_es_revb:part0:1.1 available at C:/Xilinx/Vivado/2023.2/data/xhub/boards/XilinxBoardStore/boards/Xilinx/vek280/es/rev_b/1.1/board.xml as part xcve2802-vsvh1760-2mp-e-s-es1 specified in board_part file is either invalid or not available
WARNING: [Board 49-26] cannot add Board Part xilinx.com:vhk158_es:part0:1.0 available at C:/Xilinx/Vivado/2023.2/data/xhub/boards/XilinxBoardStore/boards/Xilinx/vhk158/es/1.0/board.xml as part xcvh1582-vsva3697-2mp-e-s-es1 specified in board_part file is either invalid or not available
WARNING: [Board 49-26] cannot add Board Part xilinx.com:vhk158_es:part0:1.1 available at C:/Xilinx/Vivado/2023.2/data/xhub/boards/XilinxBoardStore/boards/Xilinx/vhk158/es/1.1/board.xml as part xcvh1582-vsva3697-2mp-e-s-es1 specified in board_part file is either invalid or not available
WARNING: [Board 49-26] cannot add Board Part xilinx.com:zcu208ld:part0:2.0 available at C:/Xilinx/Vivado/2023.2/data/xhub/boards/XilinxBoardStore/boards/Xilinx/zcu208ld/production/2.0/board.xml as part xczu58dr-fsvg1517-2-i specified in board_part file is either invalid or not available
WARNING: [Board 49-26] cannot add Board Part xilinx.com:zcu216ld:part0:2.0 available at C:/Xilinx/Vivado/2023.2/data/xhub/boards/XilinxBoardStore/boards/Xilinx/zcu216ld/production/2.0/board.xml as part xczu59dr-ffvf1760-2-i specified in board_part file is either invalid or not available
WARNING: [Board 49-26] cannot add Board Part xilinx.com:zcu670:part0:2.0 available at C:/Xilinx/Vivado/2023.2/data/xhub/boards/XilinxBoardStore/boards/Xilinx/zcu670/2.0/board.xml as part xczu67dr-fsve1156-2-i specified in board_part file is either invalid or not available
WARNING: [Board 49-26] cannot add Board Part xilinx.com:zcu670ld:part0:1.0 available at C:/Xilinx/Vivado/2023.2/data/xhub/boards/XilinxBoardStore/boards/Xilinx/zcu670ld/1.0/board.xml as part xczu57dr-fsve1156-2-i specified in board_part file is either invalid or not available
INFO: [filemgmt 56-3] Default IP Output Path : Could not find the directory 'C:/Users/21302088/Downloads/FPGAodometrie/FPGAodometrie.gen/sources_1'.
Scanning sources...
Finished scanning sources
INFO: [IP_Flow 19-234] Refreshing IP repositories
INFO: [IP_Flow 19-1704] No user IP repositories specified
INFO: [IP_Flow 19-2313] Loaded Vivado IP repository 'C:/Xilinx/Vivado/2023.2/data/ip'.
open_project: Time (s): cpu = 00:00:15 ; elapsed = 00:00:07 . Memory (MB): peak = 1654.508 ; gain = 421.094
update_compile_order -fileset sources_1WARNING: [filemgmt 56-199] Attempt to get parsing info during refresh. "On-the-fly" syntax checking information may be incorrect. [C:\Users\21302088\Downloads\FPGAodometrie\FPGAodometrie.srcs\sources_1\new\SPI.vhd:]
WARNING: [filemgmt 56-199] Attempt to get parsing info during refresh. "On-the-fly" syntax checking information may be incorrect. [C:\Users\21302088\Downloads\FPGAodometrie\FPGAodometrie.srcs\sim_1\new\testSPI.vhd:]
ERROR: [Common 17-180] Spawn failed: No error
WARNING: [filemgmt 56-199] Attempt to get parsing info during refresh. "On-the-fly" syntax checking information may be incorrect. [C:\Users\21302088\Downloads\FPGAodometrie\FPGAodometrie.srcs\sources_1\new\SPI.vhd:]
WARNING: [filemgmt 56-199] Attempt to get parsing info during refresh. "On-the-fly" syntax checking information may be incorrect. [C:\Users\21302088\Downloads\FPGAodometrie\FPGAodometrie.srcs\sim_1\new\testSPI.vhd:]
ERROR: [Common 17-180] Spawn failed: No error
update_compile_order -fileset sources_1
WARNING: [filemgmt 56-199] Attempt to get parsing info during refresh. "On-the-fly" syntax checking information may be incorrect. [C:\Users\21302088\Downloads\FPGAodometrie\FPGAodometrie.srcs\sources_1\new\SPI.vhd:]
WARNING: [filemgmt 56-199] Attempt to get parsing info during refresh. "On-the-fly" syntax checking information may be incorrect. [C:\Users\21302088\Downloads\FPGAodometrie\FPGAodometrie.srcs\sim_1\new\testSPI.vhd:]
ERROR: [Common 17-180] Spawn failed: No error
WARNING: [filemgmt 56-199] Attempt to get parsing info during refresh. "On-the-fly" syntax checking information may be incorrect. [C:\Users\21302088\Downloads\FPGAodometrie\FPGAodometrie.srcs\sources_1\new\SPI.vhd:]
WARNING: [filemgmt 56-199] Attempt to get parsing info during refresh. "On-the-fly" syntax checking information may be incorrect. [C:\Users\21302088\Downloads\FPGAodometrie\FPGAodometrie.srcs\sim_1\new\testSPI.vhd:]
ERROR: [Common 17-180] Spawn failed: No error
update_compile_order -fileset sources_1
WARNING: [filemgmt 56-199] Attempt to get parsing info during refresh. "On-the-fly" syntax checking information may be incorrect. [C:\Users\21302088\Downloads\FPGAodometrie\FPGAodometrie.srcs\sources_1\new\SPI.vhd:]
WARNING: [filemgmt 56-199] Attempt to get parsing info during refresh. "On-the-fly" syntax checking information may be incorrect. [C:\Users\21302088\Downloads\FPGAodometrie\FPGAodometrie.srcs\sim_1\new\testSPI.vhd:]
ERROR: [Common 17-180] Spawn failed: No error
WARNING: [filemgmt 56-199] Attempt to get parsing info during refresh. "On-the-fly" syntax checking information may be incorrect. [C:\Users\21302088\Downloads\FPGAodometrie\FPGAodometrie.srcs\sources_1\new\SPI.vhd:]
WARNING: [filemgmt 56-199] Attempt to get parsing info during refresh. "On-the-fly" syntax checking information may be incorrect. [C:\Users\21302088\Downloads\FPGAodometrie\FPGAodometrie.srcs\sim_1\new\testSPI.vhd:]
ERROR: [Common 17-180] Spawn failed: No error
WARNING: [filemgmt 56-199] Attempt to get parsing info during refresh. "On-the-fly" syntax checking information may be incorrect. [C:\Users\21302088\Downloads\FPGAodometrie\FPGAodometrie.srcs\sources_1\new\SPI.vhd:]
WARNING: [filemgmt 56-199] Attempt to get parsing info during refresh. "On-the-fly" syntax checking information may be incorrect. [C:\Users\21302088\Downloads\FPGAodometrie\FPGAodometrie.srcs\sim_1\new\testSPI.vhd:]
ERROR: [Common 17-180] Spawn failed: No error
WARNING: [filemgmt 56-199] Attempt to get parsing info during refresh. "On-the-fly" syntax checking information may be incorrect. [C:\Users\21302088\Downloads\FPGAodometrie\FPGAodometrie.srcs\sources_1\new\SPI.vhd:]
WARNING: [filemgmt 56-199] Attempt to get parsing info during refresh. "On-the-fly" syntax checking information may be incorrect. [C:\Users\21302088\Downloads\FPGAodometrie\FPGAodometrie.srcs\sim_1\new\testSPI.vhd:]
ERROR: [Common 17-180] Spawn failed: No error
update_compile_order -fileset sources_1
WARNING: [filemgmt 56-199] Attempt to get parsing info during refresh. "On-the-fly" syntax checking information may be incorrect. [C:\Users\21302088\Downloads\FPGAodometrie\FPGAodometrie.srcs\sources_1\new\SPI.vhd:]
WARNING: [filemgmt 56-199] Attempt to get parsing info during refresh. "On-the-fly" syntax checking information may be incorrect. [C:\Users\21302088\Downloads\FPGAodometrie\FPGAodometrie.srcs\sim_1\new\testSPI.vhd:]
ERROR: [Common 17-180] Spawn failed: No error
WARNING: [filemgmt 56-199] Attempt to get parsing info during refresh. "On-the-fly" syntax checking information may be incorrect. [C:\Users\21302088\Downloads\FPGAodometrie\FPGAodometrie.srcs\sources_1\new\SPI.vhd:]
WARNING: [filemgmt 56-199] Attempt to get parsing info during refresh. "On-the-fly" syntax checking information may be incorrect. [C:\Users\21302088\Downloads\FPGAodometrie\FPGAodometrie.srcs\sim_1\new\testSPI.vhd:]
ERROR: [Common 17-180] Spawn failed: No error
WARNING: [filemgmt 56-199] Attempt to get parsing info during refresh. "On-the-fly" syntax checking information may be incorrect. [C:\Users\21302088\Downloads\FPGAodometrie\FPGAodometrie.srcs\sources_1\new\SPI.vhd:]
WARNING: [filemgmt 56-199] Attempt to get parsing info during refresh. "On-the-fly" syntax checking information may be incorrect. [C:\Users\21302088\Downloads\FPGAodometrie\FPGAodometrie.srcs\sim_1\new\testSPI.vhd:]
ERROR: [Common 17-180] Spawn failed: No error
WARNING: [filemgmt 56-199] Attempt to get parsing info during refresh. "On-the-fly" syntax checking information may be incorrect. [C:\Users\21302088\Downloads\FPGAodometrie\FPGAodometrie.srcs\sources_1\new\SPI.vhd:]
WARNING: [filemgmt 56-199] Attempt to get parsing info during refresh. "On-the-fly" syntax checking information may be incorrect. [C:\Users\21302088\Downloads\FPGAodometrie\FPGAodometrie.srcs\sim_1\new\testSPI.vhd:]
ERROR: [Common 17-180] Spawn failed: No error
WARNING: [filemgmt 56-199] Attempt to get parsing info during refresh. "On-the-fly" syntax checking information may be incorrect. [C:\Users\21302088\Downloads\FPGAodometrie\FPGAodometrie.srcs\sources_1\new\SPI.vhd:]
WARNING: [filemgmt 56-199] Attempt to get parsing info during refresh. "On-the-fly" syntax checking information may be incorrect. [C:\Users\21302088\Downloads\FPGAodometrie\FPGAodometrie.srcs\sim_1\new\testSPI.vhd:]
ERROR: [Common 17-180] Spawn failed: No error
WARNING: [filemgmt 56-199] Attempt to get parsing info during refresh. "On-the-fly" syntax checking information may be incorrect. [C:\Users\21302088\Downloads\FPGAodometrie\FPGAodometrie.srcs\sources_1\new\SPI.vhd:]
WARNING: [filemgmt 56-199] Attempt to get parsing info during refresh. "On-the-fly" syntax checking information may be incorrect. [C:\Users\21302088\Downloads\FPGAodometrie\FPGAodometrie.srcs\sim_1\new\testSPI.vhd:]
ERROR: [Common 17-180] Spawn failed: No error
WARNING: [filemgmt 56-199] Attempt to get parsing info during refresh. "On-the-fly" syntax checking information may be incorrect. [C:\Users\21302088\Downloads\FPGAodometrie\FPGAodometrie.srcs\sources_1\new\SPI.vhd:]
WARNING: [filemgmt 56-199] Attempt to get parsing info during refresh. "On-the-fly" syntax checking information may be incorrect. [C:\Users\21302088\Downloads\FPGAodometrie\FPGAodometrie.srcs\sim_1\new\testSPI.vhd:]
ERROR: [Common 17-180] Spawn failed: No error
WARNING: [filemgmt 56-199] Attempt to get parsing info during refresh. "On-the-fly" syntax checking information may be incorrect. [C:\Users\21302088\Downloads\FPGAodometrie\FPGAodometrie.srcs\sources_1\new\SPI.vhd:]
WARNING: [filemgmt 56-199] Attempt to get parsing info during refresh. "On-the-fly" syntax checking information may be incorrect. [C:\Users\21302088\Downloads\FPGAodometrie\FPGAodometrie.srcs\sim_1\new\testSPI.vhd:]
ERROR: [Common 17-180] Spawn failed: No error
update_compile_order -fileset sources_1
WARNING: [filemgmt 56-199] Attempt to get parsing info during refresh. "On-the-fly" syntax checking information may be incorrect. [C:\Users\21302088\Downloads\FPGAodometrie\FPGAodometrie.srcs\sources_1\new\SPI.vhd:]
WARNING: [filemgmt 56-199] Attempt to get parsing info during refresh. "On-the-fly" syntax checking information may be incorrect. [C:\Users\21302088\Downloads\FPGAodometrie\FPGAodometrie.srcs\sim_1\new\testSPI.vhd:]
ERROR: [Common 17-180] Spawn failed: No error
WARNING: [filemgmt 56-199] Attempt to get parsing info during refresh. "On-the-fly" syntax checking information may be incorrect. [C:\Users\21302088\Downloads\FPGAodometrie\FPGAodometrie.srcs\sources_1\new\SPI.vhd:]
WARNING: [filemgmt 56-199] Attempt to get parsing info during refresh. "On-the-fly" syntax checking information may be incorrect. [C:\Users\21302088\Downloads\FPGAodometrie\FPGAodometrie.srcs\sim_1\new\testSPI.vhd:]
ERROR: [Common 17-180] Spawn failed: No error
update_compile_order -fileset sources_1
WARNING: [filemgmt 56-199] Attempt to get parsing info during refresh. "On-the-fly" syntax checking information may be incorrect. [C:\Users\21302088\Downloads\FPGAodometrie\FPGAodometrie.srcs\sources_1\new\SPI.vhd:]
WARNING: [filemgmt 56-199] Attempt to get parsing info during refresh. "On-the-fly" syntax checking information may be incorrect. [C:\Users\21302088\Downloads\FPGAodometrie\FPGAodometrie.srcs\sim_1\new\testSPI.vhd:]
ERROR: [Common 17-180] Spawn failed: No error
WARNING: [filemgmt 56-199] Attempt to get parsing info during refresh. "On-the-fly" syntax checking information may be incorrect. [C:\Users\21302088\Downloads\FPGAodometrie\FPGAodometrie.srcs\sources_1\new\SPI.vhd:]
WARNING: [filemgmt 56-199] Attempt to get parsing info during refresh. "On-the-fly" syntax checking information may be incorrect. [C:\Users\21302088\Downloads\FPGAodometrie\FPGAodometrie.srcs\sim_1\new\testSPI.vhd:]
ERROR: [Common 17-180] Spawn failed: No error
WARNING: [filemgmt 56-199] Attempt to get parsing info during refresh. "On-the-fly" syntax checking information may be incorrect. [C:\Users\21302088\Downloads\FPGAodometrie\FPGAodometrie.srcs\sources_1\new\SPI.vhd:]
WARNING: [filemgmt 56-199] Attempt to get parsing info during refresh. "On-the-fly" syntax checking information may be incorrect. [C:\Users\21302088\Downloads\FPGAodometrie\FPGAodometrie.srcs\sim_1\new\testSPI.vhd:]
ERROR: [Common 17-180] Spawn failed: No error
update_compile_order -fileset sources_1
WARNING: [filemgmt 56-199] Attempt to get parsing info during refresh. "On-the-fly" syntax checking information may be incorrect. [C:\Users\21302088\Downloads\FPGAodometrie\FPGAodometrie.srcs\sources_1\new\SPI.vhd:]
WARNING: [filemgmt 56-199] Attempt to get parsing info during refresh. "On-the-fly" syntax checking information may be incorrect. [C:\Users\21302088\Downloads\FPGAodometrie\FPGAodometrie.srcs\sim_1\new\testSPI.vhd:]
ERROR: [Common 17-180] Spawn failed: No error
WARNING: [filemgmt 56-199] Attempt to get parsing info during refresh. "On-the-fly" syntax checking information may be incorrect. [C:\Users\21302088\Downloads\FPGAodometrie\FPGAodometrie.srcs\sources_1\new\SPI.vhd:]
WARNING: [filemgmt 56-199] Attempt to get parsing info during refresh. "On-the-fly" syntax checking information may be incorrect. [C:\Users\21302088\Downloads\FPGAodometrie\FPGAodometrie.srcs\sim_1\new\testSPI.vhd:]
ERROR: [Common 17-180] Spawn failed: No error
WARNING: [filemgmt 56-199] Attempt to get parsing info during refresh. "On-the-fly" syntax checking information may be incorrect. [C:\Users\21302088\Downloads\FPGAodometrie\FPGAodometrie.srcs\sources_1\new\SPI.vhd:]
WARNING: [filemgmt 56-199] Attempt to get parsing info during refresh. "On-the-fly" syntax checking information may be incorrect. [C:\Users\21302088\Downloads\FPGAodometrie\FPGAodometrie.srcs\sim_1\new\testSPI.vhd:]
ERROR: [Common 17-180] Spawn failed: No error
WARNING: [filemgmt 56-199] Attempt to get parsing info during refresh. "On-the-fly" syntax checking information may be incorrect. [C:\Users\21302088\Downloads\FPGAodometrie\FPGAodometrie.srcs\sources_1\new\SPI.vhd:]
WARNING: [filemgmt 56-199] Attempt to get parsing info during refresh. "On-the-fly" syntax checking information may be incorrect. [C:\Users\21302088\Downloads\FPGAodometrie\FPGAodometrie.srcs\sim_1\new\testSPI.vhd:]
ERROR: [Common 17-180] Spawn failed: No error
launch_simulation
Command: launch_simulation 
INFO: [Vivado 12-12493] Simulation top is 'testSPI'
WARNING: [Vivado 12-13340] Unable to auto find GCC executables from simulator install path! (path not set)
INFO: [Vivado 12-5682] Launching behavioral simulation in 'C:/Users/21302088/Downloads/FPGAodometrie/FPGAodometrie.sim/sim_1/behav/xsim'
INFO: [SIM-utils-51] Simulation object is 'sim_1'
INFO: [SIM-utils-72] Using boost library from 'C:/Xilinx/Vivado/2023.2/tps/boost_1_72_0'
INFO: [SIM-utils-54] Inspecting design source files for 'testSPI' in fileset 'sim_1'...
INFO: [USF-XSim-97] Finding global include files...
INFO: [USF-XSim-98] Fetching design files from 'sim_1'...
INFO: [USF-XSim-2] XSim::Compile design
INFO: [USF-XSim-61] Executing 'COMPILE and ANALYZE' step in 'C:/Users/21302088/Downloads/FPGAodometrie/FPGAodometrie.sim/sim_1/behav/xsim'
"xvhdl --incr --relax -prj testSPI_vhdl.prj"
INFO: [VRFC 10-163] Analyzing VHDL file "C:/Users/21302088/Downloads/FPGAodometrie/FPGAodometrie.srcs/sources_1/new/SPI.vhd" into library xil_defaultlib
INFO: [VRFC 10-3107] analyzing entity 'SPI'
INFO: [VRFC 10-163] Analyzing VHDL file "C:/Users/21302088/Downloads/FPGAodometrie/FPGAodometrie.srcs/sim_1/new/testSPI.vhd" into library xil_defaultlib
INFO: [VRFC 10-3107] analyzing entity 'testSPI'
INFO: [USF-XSim-69] 'compile' step finished in '2' seconds
INFO: [USF-XSim-3] XSim::Elaborate design
INFO: [USF-XSim-61] Executing 'ELABORATE' step in 'C:/Users/21302088/Downloads/FPGAodometrie/FPGAodometrie.sim/sim_1/behav/xsim'
"xelab --incr --debug typical --relax --mt 2 -L xil_defaultlib -L secureip --snapshot testSPI_behav xil_defaultlib.testSPI -log elaborate.log"
Vivado Simulator v2023.2
Copyright 1986-2022 Xilinx, Inc. All Rights Reserved.
Copyright 2022-2023 Advanced Micro Devices, Inc. All Rights Reserved.
Running: C:/Xilinx/Vivado/2023.2/bin/unwrapped/win64.o/xelab.exe --incr --debug typical --relax --mt 2 -L xil_defaultlib -L secureip --snapshot testSPI_behav xil_defaultlib.testSPI -log elaborate.log 
Using 2 slave threads.
Starting static elaboration
Completed static elaboration
Starting simulation data flow analysis
Completed simulation data flow analysis
Time Resolution for simulation is 1ps
Compiling package std.standard
Compiling package std.textio
Compiling package ieee.std_logic_1164
Compiling package ieee.std_logic_arith
Compiling package ieee.std_logic_unsigned
Compiling architecture behavioral of entity xil_defaultlib.Timer50foisParSec [timer50foisparsec_default]
Compiling architecture behavioral of entity xil_defaultlib.SPI [spi_default]
Compiling architecture behavioral of entity xil_defaultlib.testspi
Built simulation snapshot testSPI_behav
INFO: [USF-XSim-69] 'elaborate' step finished in '2' seconds
INFO: [USF-XSim-4] XSim::Simulate design
INFO: [USF-XSim-61] Executing 'SIMULATE' step in 'C:/Users/21302088/Downloads/FPGAodometrie/FPGAodometrie.sim/sim_1/behav/xsim'
INFO: [USF-XSim-98] *** Running xsim
   with args "testSPI_behav -key {Behavioral:sim_1:Functional:testSPI} -tclbatch {testSPI.tcl} -log {simulate.log}"
INFO: [USF-XSim-8] Loading simulator feature
Time resolution is 1 ps
source testSPI.tcl
# set curr_wave [current_wave_config]
# if { [string length $curr_wave] == 0 } {
#   if { [llength [get_objects]] > 0} {
#     add_wave /
#     set_property needs_save false [current_wave_config]
#   } else {
#      send_msg_id Add_Wave-1 WARNING "No top level signals found. Simulator will start without a wave window. If you want to open a wave window go to 'File->New Waveform Configuration' or type 'create_wave_config' in the TCL console."
#   }
# }
# run 1000ns
INFO: [USF-XSim-96] XSim completed. Design snapshot 'testSPI_behav' loaded.
INFO: [USF-XSim-97] XSim simulation ran for 1000ns
launch_simulation: Time (s): cpu = 00:00:03 ; elapsed = 00:00:06 . Memory (MB): peak = 1713.375 ; gain = 26.004
run 10 us
run 10 us
run 10 us
run 10 us
run 10 us
run 10 us
run 10 us
ERROR: Index 65 out of bound 64 downto 0
Time: 70170 ns  Iteration: 0  Process: /testSPI/spiEnt/clkChanged
  File: C:/Users/21302088/Downloads/FPGAodometrie/FPGAodometrie.srcs/sources_1/new/SPI.vhd

HDL Line: C:/Users/21302088/Downloads/FPGAodometrie/FPGAodometrie.srcs/sources_1/new/SPI.vhd:83
run 10 us
ERROR: [Simulator 45-1] A fatal run-time error was detected.  Simulation cannot continue.
WARNING: [filemgmt 56-199] Attempt to get parsing info during refresh. "On-the-fly" syntax checking information may be incorrect. [C:\Users\21302088\Downloads\FPGAodometrie\FPGAodometrie.srcs\sources_1\new\SPI.vhd:]
WARNING: [filemgmt 56-199] Attempt to get parsing info during refresh. "On-the-fly" syntax checking information may be incorrect. [C:\Users\21302088\Downloads\FPGAodometrie\FPGAodometrie.srcs\sim_1\new\testSPI.vhd:]
ERROR: [Common 17-180] Spawn failed: No error
WARNING: [filemgmt 56-199] Attempt to get parsing info during refresh. "On-the-fly" syntax checking information may be incorrect. [C:\Users\21302088\Downloads\FPGAodometrie\FPGAodometrie.srcs\sources_1\new\SPI.vhd:]
WARNING: [filemgmt 56-199] Attempt to get parsing info during refresh. "On-the-fly" syntax checking information may be incorrect. [C:\Users\21302088\Downloads\FPGAodometrie\FPGAodometrie.srcs\sim_1\new\testSPI.vhd:]
ERROR: [Common 17-180] Spawn failed: No error
WARNING: [filemgmt 56-199] Attempt to get parsing info during refresh. "On-the-fly" syntax checking information may be incorrect. [C:\Users\21302088\Downloads\FPGAodometrie\FPGAodometrie.srcs\sources_1\new\SPI.vhd:]
WARNING: [filemgmt 56-199] Attempt to get parsing info during refresh. "On-the-fly" syntax checking information may be incorrect. [C:\Users\21302088\Downloads\FPGAodometrie\FPGAodometrie.srcs\sim_1\new\testSPI.vhd:]
ERROR: [Common 17-180] Spawn failed: No error
close_sim
INFO: [Simtcl 6-16] Simulation closed
launch_simulation
Command: launch_simulation 
INFO: [Vivado 12-12493] Simulation top is 'testSPI'
WARNING: [Vivado 12-13340] Unable to auto find GCC executables from simulator install path! (path not set)
INFO: [Vivado 12-5682] Launching behavioral simulation in 'C:/Users/21302088/Downloads/FPGAodometrie/FPGAodometrie.sim/sim_1/behav/xsim'
INFO: [SIM-utils-51] Simulation object is 'sim_1'
INFO: [SIM-utils-72] Using boost library from 'C:/Xilinx/Vivado/2023.2/tps/boost_1_72_0'
INFO: [SIM-utils-54] Inspecting design source files for 'testSPI' in fileset 'sim_1'...
INFO: [USF-XSim-97] Finding global include files...
INFO: [USF-XSim-98] Fetching design files from 'sim_1'...
INFO: [USF-XSim-2] XSim::Compile design
INFO: [USF-XSim-61] Executing 'COMPILE and ANALYZE' step in 'C:/Users/21302088/Downloads/FPGAodometrie/FPGAodometrie.sim/sim_1/behav/xsim'
"xvhdl --incr --relax -prj testSPI_vhdl.prj"
INFO: [VRFC 10-163] Analyzing VHDL file "C:/Users/21302088/Downloads/FPGAodometrie/FPGAodometrie.srcs/sources_1/new/SPI.vhd" into library xil_defaultlib
INFO: [VRFC 10-3107] analyzing entity 'SPI'
INFO: [VRFC 10-163] Analyzing VHDL file "C:/Users/21302088/Downloads/FPGAodometrie/FPGAodometrie.srcs/sim_1/new/testSPI.vhd" into library xil_defaultlib
INFO: [VRFC 10-3107] analyzing entity 'testSPI'
INFO: [USF-XSim-69] 'compile' step finished in '2' seconds
INFO: [USF-XSim-3] XSim::Elaborate design
INFO: [USF-XSim-61] Executing 'ELABORATE' step in 'C:/Users/21302088/Downloads/FPGAodometrie/FPGAodometrie.sim/sim_1/behav/xsim'
"xelab --incr --debug typical --relax --mt 2 -L xil_defaultlib -L secureip --snapshot testSPI_behav xil_defaultlib.testSPI -log elaborate.log"
Vivado Simulator v2023.2
Copyright 1986-2022 Xilinx, Inc. All Rights Reserved.
Copyright 2022-2023 Advanced Micro Devices, Inc. All Rights Reserved.
Running: C:/Xilinx/Vivado/2023.2/bin/unwrapped/win64.o/xelab.exe --incr --debug typical --relax --mt 2 -L xil_defaultlib -L secureip --snapshot testSPI_behav xil_defaultlib.testSPI -log elaborate.log 
Using 2 slave threads.
Starting static elaboration
Completed static elaboration
Starting simulation data flow analysis
Completed simulation data flow analysis
Time Resolution for simulation is 1ps
Compiling package std.standard
Compiling package std.textio
Compiling package ieee.std_logic_1164
Compiling package ieee.std_logic_arith
Compiling package ieee.std_logic_unsigned
Compiling architecture behavioral of entity xil_defaultlib.Timer50foisParSec [timer50foisparsec_default]
Compiling architecture behavioral of entity xil_defaultlib.SPI [spi_default]
Compiling architecture behavioral of entity xil_defaultlib.testspi
Built simulation snapshot testSPI_behav
INFO: [USF-XSim-69] 'elaborate' step finished in '1' seconds
INFO: [USF-XSim-4] XSim::Simulate design
INFO: [USF-XSim-61] Executing 'SIMULATE' step in 'C:/Users/21302088/Downloads/FPGAodometrie/FPGAodometrie.sim/sim_1/behav/xsim'
INFO: [USF-XSim-98] *** Running xsim
   with args "testSPI_behav -key {Behavioral:sim_1:Functional:testSPI} -tclbatch {testSPI.tcl} -log {simulate.log}"
INFO: [USF-XSim-8] Loading simulator feature
Time resolution is 1 ps
source testSPI.tcl
# set curr_wave [current_wave_config]
# if { [string length $curr_wave] == 0 } {
#   if { [llength [get_objects]] > 0} {
#     add_wave /
#     set_property needs_save false [current_wave_config]
#   } else {
#      send_msg_id Add_Wave-1 WARNING "No top level signals found. Simulator will start without a wave window. If you want to open a wave window go to 'File->New Waveform Configuration' or type 'create_wave_config' in the TCL console."
#   }
# }
# run 1000ns
INFO: [USF-XSim-96] XSim completed. Design snapshot 'testSPI_behav' loaded.
INFO: [USF-XSim-97] XSim simulation ran for 1000ns
WARNING: [filemgmt 56-199] Attempt to get parsing info during refresh. "On-the-fly" syntax checking information may be incorrect. [C:\Users\21302088\Downloads\FPGAodometrie\FPGAodometrie.srcs\sources_1\new\SPI.vhd:]
WARNING: [filemgmt 56-199] Attempt to get parsing info during refresh. "On-the-fly" syntax checking information may be incorrect. [C:\Users\21302088\Downloads\FPGAodometrie\FPGAodometrie.srcs\sim_1\new\testSPI.vhd:]
ERROR: [Common 17-180] Spawn failed: No error
relaunch_sim
Command: launch_simulation -step compile -simset sim_1 -mode behavioral
INFO: [Vivado 12-12493] Simulation top is 'testSPI'
WARNING: [Vivado 12-13340] Unable to auto find GCC executables from simulator install path! (path not set)
INFO: [Vivado 12-5682] Launching behavioral simulation in 'C:/Users/21302088/Downloads/FPGAodometrie/FPGAodometrie.sim/sim_1/behav/xsim'
INFO: [SIM-utils-51] Simulation object is 'sim_1'
INFO: [SIM-utils-72] Using boost library from 'C:/Xilinx/Vivado/2023.2/tps/boost_1_72_0'
INFO: [SIM-utils-54] Inspecting design source files for 'testSPI' in fileset 'sim_1'...
INFO: [USF-XSim-97] Finding global include files...
INFO: [USF-XSim-98] Fetching design files from 'sim_1'...
INFO: [USF-XSim-2] XSim::Compile design
INFO: [USF-XSim-61] Executing 'COMPILE and ANALYZE' step in 'C:/Users/21302088/Downloads/FPGAodometrie/FPGAodometrie.sim/sim_1/behav/xsim'
"xvhdl --incr --relax -prj testSPI_vhdl.prj"
INFO: [VRFC 10-163] Analyzing VHDL file "C:/Users/21302088/Downloads/FPGAodometrie/FPGAodometrie.srcs/sim_1/new/testSPI.vhd" into library xil_defaultlib
INFO: [VRFC 10-3107] analyzing entity 'testSPI'
INFO: [USF-XSim-69] 'compile' step finished in '2' seconds
Command: launch_simulation -step elaborate -simset sim_1 -mode behavioral
INFO: [Vivado 12-12493] Simulation top is 'testSPI'
WARNING: [Vivado 12-13340] Unable to auto find GCC executables from simulator install path! (path not set)
INFO: [Vivado 12-5682] Launching behavioral simulation in 'C:/Users/21302088/Downloads/FPGAodometrie/FPGAodometrie.sim/sim_1/behav/xsim'
INFO: [SIM-utils-51] Simulation object is 'sim_1'
INFO: [USF-XSim-3] XSim::Elaborate design
INFO: [USF-XSim-61] Executing 'ELABORATE' step in 'C:/Users/21302088/Downloads/FPGAodometrie/FPGAodometrie.sim/sim_1/behav/xsim'
"xelab --incr --debug typical --relax --mt 2 -L xil_defaultlib -L secureip --snapshot testSPI_behav xil_defaultlib.testSPI -log elaborate.log"
Vivado Simulator v2023.2
Copyright 1986-2022 Xilinx, Inc. All Rights Reserved.
Copyright 2022-2023 Advanced Micro Devices, Inc. All Rights Reserved.
Running: C:/Xilinx/Vivado/2023.2/bin/unwrapped/win64.o/xelab.exe --incr --debug typical --relax --mt 2 -L xil_defaultlib -L secureip --snapshot testSPI_behav xil_defaultlib.testSPI -log elaborate.log 
Using 2 slave threads.
Starting static elaboration
Completed static elaboration
Starting simulation data flow analysis
Completed simulation data flow analysis
Time Resolution for simulation is 1ps
Compiling package std.standard
Compiling package std.textio
Compiling package ieee.std_logic_1164
Compiling package ieee.std_logic_arith
Compiling package ieee.std_logic_unsigned
Compiling architecture behavioral of entity xil_defaultlib.Timer50foisParSec [timer50foisparsec_default]
Compiling architecture behavioral of entity xil_defaultlib.SPI [spi_default]
Compiling architecture behavioral of entity xil_defaultlib.testspi
Built simulation snapshot testSPI_behav
INFO: [USF-XSim-69] 'elaborate' step finished in '2' seconds
Time resolution is 1 ps
relaunch_sim: Time (s): cpu = 00:00:00 ; elapsed = 00:00:05 . Memory (MB): peak = 2800.207 ; gain = 0.000
relaunch_sim
Command: launch_simulation -step compile -simset sim_1 -mode behavioral
INFO: [Vivado 12-12493] Simulation top is 'testSPI'
WARNING: [Vivado 12-13340] Unable to auto find GCC executables from simulator install path! (path not set)
INFO: [Vivado 12-5682] Launching behavioral simulation in 'C:/Users/21302088/Downloads/FPGAodometrie/FPGAodometrie.sim/sim_1/behav/xsim'
INFO: [SIM-utils-51] Simulation object is 'sim_1'
INFO: [USF-XSim-2] XSim::Compile design
INFO: [USF-XSim-61] Executing 'COMPILE and ANALYZE' step in 'C:/Users/21302088/Downloads/FPGAodometrie/FPGAodometrie.sim/sim_1/behav/xsim'
"xvhdl --incr --relax -prj testSPI_vhdl.prj"
INFO: [USF-XSim-69] 'compile' step finished in '1' seconds
Command: launch_simulation -step elaborate -simset sim_1 -mode behavioral
INFO: [Vivado 12-12493] Simulation top is 'testSPI'
WARNING: [Vivado 12-13340] Unable to auto find GCC executables from simulator install path! (path not set)
INFO: [Vivado 12-5682] Launching behavioral simulation in 'C:/Users/21302088/Downloads/FPGAodometrie/FPGAodometrie.sim/sim_1/behav/xsim'
INFO: [SIM-utils-51] Simulation object is 'sim_1'
INFO: [USF-XSim-3] XSim::Elaborate design
INFO: [USF-XSim-61] Executing 'ELABORATE' step in 'C:/Users/21302088/Downloads/FPGAodometrie/FPGAodometrie.sim/sim_1/behav/xsim'
"xelab --incr --debug typical --relax --mt 2 -L xil_defaultlib -L secureip --snapshot testSPI_behav xil_defaultlib.testSPI -log elaborate.log"
Vivado Simulator v2023.2
Copyright 1986-2022 Xilinx, Inc. All Rights Reserved.
Copyright 2022-2023 Advanced Micro Devices, Inc. All Rights Reserved.
Running: C:/Xilinx/Vivado/2023.2/bin/unwrapped/win64.o/xelab.exe --incr --debug typical --relax --mt 2 -L xil_defaultlib -L secureip --snapshot testSPI_behav xil_defaultlib.testSPI -log elaborate.log 
Using 2 slave threads.
Starting static elaboration
Completed static elaboration
INFO: [XSIM 43-4323] No Change in HDL. Linking previously generated obj files to create kernel
INFO: [USF-XSim-69] 'elaborate' step finished in '1' seconds
Time resolution is 1 ps
WARNING: [filemgmt 56-199] Attempt to get parsing info during refresh. "On-the-fly" syntax checking information may be incorrect. [C:\Users\21302088\Downloads\FPGAodometrie\FPGAodometrie.srcs\sources_1\new\SPI.vhd:]
WARNING: [filemgmt 56-199] Attempt to get parsing info during refresh. "On-the-fly" syntax checking information may be incorrect. [C:\Users\21302088\Downloads\FPGAodometrie\FPGAodometrie.srcs\sim_1\new\testSPI.vhd:]
ERROR: [Common 17-180] Spawn failed: No error
relaunch_sim
Command: launch_simulation -step compile -simset sim_1 -mode behavioral
INFO: [Vivado 12-12493] Simulation top is 'testSPI'
WARNING: [Vivado 12-13340] Unable to auto find GCC executables from simulator install path! (path not set)
INFO: [Vivado 12-5682] Launching behavioral simulation in 'C:/Users/21302088/Downloads/FPGAodometrie/FPGAodometrie.sim/sim_1/behav/xsim'
INFO: [SIM-utils-51] Simulation object is 'sim_1'
INFO: [USF-XSim-2] XSim::Compile design
INFO: [USF-XSim-61] Executing 'COMPILE and ANALYZE' step in 'C:/Users/21302088/Downloads/FPGAodometrie/FPGAodometrie.sim/sim_1/behav/xsim'
"xvhdl --incr --relax -prj testSPI_vhdl.prj"
INFO: [VRFC 10-163] Analyzing VHDL file "C:/Users/21302088/Downloads/FPGAodometrie/FPGAodometrie.srcs/sources_1/new/SPI.vhd" into library xil_defaultlib
INFO: [VRFC 10-3107] analyzing entity 'SPI'
INFO: [VRFC 10-163] Analyzing VHDL file "C:/Users/21302088/Downloads/FPGAodometrie/FPGAodometrie.srcs/sim_1/new/testSPI.vhd" into library xil_defaultlib
INFO: [VRFC 10-3107] analyzing entity 'testSPI'
INFO: [USF-XSim-69] 'compile' step finished in '2' seconds
Command: launch_simulation -step elaborate -simset sim_1 -mode behavioral
INFO: [Vivado 12-12493] Simulation top is 'testSPI'
WARNING: [Vivado 12-13340] Unable to auto find GCC executables from simulator install path! (path not set)
INFO: [Vivado 12-5682] Launching behavioral simulation in 'C:/Users/21302088/Downloads/FPGAodometrie/FPGAodometrie.sim/sim_1/behav/xsim'
INFO: [SIM-utils-51] Simulation object is 'sim_1'
INFO: [USF-XSim-3] XSim::Elaborate design
INFO: [USF-XSim-61] Executing 'ELABORATE' step in 'C:/Users/21302088/Downloads/FPGAodometrie/FPGAodometrie.sim/sim_1/behav/xsim'
"xelab --incr --debug typical --relax --mt 2 -L xil_defaultlib -L secureip --snapshot testSPI_behav xil_defaultlib.testSPI -log elaborate.log"
Vivado Simulator v2023.2
Copyright 1986-2022 Xilinx, Inc. All Rights Reserved.
Copyright 2022-2023 Advanced Micro Devices, Inc. All Rights Reserved.
Running: C:/Xilinx/Vivado/2023.2/bin/unwrapped/win64.o/xelab.exe --incr --debug typical --relax --mt 2 -L xil_defaultlib -L secureip --snapshot testSPI_behav xil_defaultlib.testSPI -log elaborate.log 
Using 2 slave threads.
Starting static elaboration
Completed static elaboration
Starting simulation data flow analysis
Completed simulation data flow analysis
Time Resolution for simulation is 1ps
Compiling package std.standard
Compiling package std.textio
Compiling package ieee.std_logic_1164
Compiling package ieee.std_logic_arith
Compiling package ieee.std_logic_unsigned
Compiling architecture behavioral of entity xil_defaultlib.Timer50foisParSec [timer50foisparsec_default]
Compiling architecture behavioral of entity xil_defaultlib.SPI [spi_default]
Compiling architecture behavioral of entity xil_defaultlib.testspi
Built simulation snapshot testSPI_behav
INFO: [USF-XSim-69] 'elaborate' step finished in '2' seconds
Time resolution is 1 ps
relaunch_sim: Time (s): cpu = 00:00:00 ; elapsed = 00:00:05 . Memory (MB): peak = 2803.875 ; gain = 0.000
WARNING: [filemgmt 56-199] Attempt to get parsing info during refresh. "On-the-fly" syntax checking information may be incorrect. [C:\Users\21302088\Downloads\FPGAodometrie\FPGAodometrie.srcs\sources_1\new\SPI.vhd:]
WARNING: [filemgmt 56-199] Attempt to get parsing info during refresh. "On-the-fly" syntax checking information may be incorrect. [C:\Users\21302088\Downloads\FPGAodometrie\FPGAodometrie.srcs\sim_1\new\testSPI.vhd:]
ERROR: [Common 17-180] Spawn failed: No error
relaunch_sim
Command: launch_simulation -step compile -simset sim_1 -mode behavioral
INFO: [Vivado 12-12493] Simulation top is 'testSPI'
WARNING: [Vivado 12-13340] Unable to auto find GCC executables from simulator install path! (path not set)
INFO: [Vivado 12-5682] Launching behavioral simulation in 'C:/Users/21302088/Downloads/FPGAodometrie/FPGAodometrie.sim/sim_1/behav/xsim'
INFO: [SIM-utils-51] Simulation object is 'sim_1'
INFO: [USF-XSim-2] XSim::Compile design
INFO: [USF-XSim-61] Executing 'COMPILE and ANALYZE' step in 'C:/Users/21302088/Downloads/FPGAodometrie/FPGAodometrie.sim/sim_1/behav/xsim'
"xvhdl --incr --relax -prj testSPI_vhdl.prj"
INFO: [VRFC 10-163] Analyzing VHDL file "C:/Users/21302088/Downloads/FPGAodometrie/FPGAodometrie.srcs/sim_1/new/testSPI.vhd" into library xil_defaultlib
INFO: [VRFC 10-3107] analyzing entity 'testSPI'
INFO: [USF-XSim-69] 'compile' step finished in '1' seconds
Command: launch_simulation -step elaborate -simset sim_1 -mode behavioral
INFO: [Vivado 12-12493] Simulation top is 'testSPI'
WARNING: [Vivado 12-13340] Unable to auto find GCC executables from simulator install path! (path not set)
INFO: [Vivado 12-5682] Launching behavioral simulation in 'C:/Users/21302088/Downloads/FPGAodometrie/FPGAodometrie.sim/sim_1/behav/xsim'
INFO: [SIM-utils-51] Simulation object is 'sim_1'
INFO: [USF-XSim-3] XSim::Elaborate design
INFO: [USF-XSim-61] Executing 'ELABORATE' step in 'C:/Users/21302088/Downloads/FPGAodometrie/FPGAodometrie.sim/sim_1/behav/xsim'
"xelab --incr --debug typical --relax --mt 2 -L xil_defaultlib -L secureip --snapshot testSPI_behav xil_defaultlib.testSPI -log elaborate.log"
Vivado Simulator v2023.2
Copyright 1986-2022 Xilinx, Inc. All Rights Reserved.
Copyright 2022-2023 Advanced Micro Devices, Inc. All Rights Reserved.
Running: C:/Xilinx/Vivado/2023.2/bin/unwrapped/win64.o/xelab.exe --incr --debug typical --relax --mt 2 -L xil_defaultlib -L secureip --snapshot testSPI_behav xil_defaultlib.testSPI -log elaborate.log 
Using 2 slave threads.
Starting static elaboration
Completed static elaboration
Starting simulation data flow analysis
Completed simulation data flow analysis
Time Resolution for simulation is 1ps
Compiling package std.standard
Compiling package std.textio
Compiling package ieee.std_logic_1164
Compiling package ieee.std_logic_arith
Compiling package ieee.std_logic_unsigned
Compiling architecture behavioral of entity xil_defaultlib.Timer50foisParSec [timer50foisparsec_default]
Compiling architecture behavioral of entity xil_defaultlib.SPI [spi_default]
Compiling architecture behavioral of entity xil_defaultlib.testspi
Built simulation snapshot testSPI_behav
INFO: [USF-XSim-69] 'elaborate' step finished in '2' seconds
Time resolution is 1 ps
relaunch_sim: Time (s): cpu = 00:00:00 ; elapsed = 00:00:05 . Memory (MB): peak = 2804.359 ; gain = 0.000
run 10 us
run 10 us
run 10 us
run 10 us
run 10 us
WARNING: [filemgmt 56-199] Attempt to get parsing info during refresh. "On-the-fly" syntax checking information may be incorrect. [C:\Users\21302088\Downloads\FPGAodometrie\FPGAodometrie.srcs\sources_1\new\SPI.vhd:]
WARNING: [filemgmt 56-199] Attempt to get parsing info during refresh. "On-the-fly" syntax checking information may be incorrect. [C:\Users\21302088\Downloads\FPGAodometrie\FPGAodometrie.srcs\sim_1\new\testSPI.vhd:]
ERROR: [Common 17-180] Spawn failed: No error
relaunch_sim
WARNING: [filemgmt 56-199] Attempt to get parsing info during refresh. "On-the-fly" syntax checking information may be incorrect. [C:\Users\21302088\Downloads\FPGAodometrie\FPGAodometrie.srcs\sources_1\new\SPI.vhd:]
WARNING: [filemgmt 56-199] Attempt to get parsing info during refresh. "On-the-fly" syntax checking information may be incorrect. [C:\Users\21302088\Downloads\FPGAodometrie\FPGAodometrie.srcs\sim_1\new\testSPI.vhd:]
Command: launch_simulation -step compile -simset sim_1 -mode behavioral
INFO: [Vivado 12-12493] Simulation top is 'testSPI'
WARNING: [Vivado 12-13340] Unable to auto find GCC executables from simulator install path! (path not set)
ERROR: [Common 17-180] Spawn failed: No error
INFO: [Vivado 12-5682] Launching behavioral simulation in 'C:/Users/21302088/Downloads/FPGAodometrie/FPGAodometrie.sim/sim_1/behav/xsim'
INFO: [SIM-utils-51] Simulation object is 'sim_1'
INFO: [USF-XSim-2] XSim::Compile design
INFO: [USF-XSim-61] Executing 'COMPILE and ANALYZE' step in 'C:/Users/21302088/Downloads/FPGAodometrie/FPGAodometrie.sim/sim_1/behav/xsim'
"xvhdl --incr --relax -prj testSPI_vhdl.prj"
INFO: [VRFC 10-163] Analyzing VHDL file "C:/Users/21302088/Downloads/FPGAodometrie/FPGAodometrie.srcs/sim_1/new/testSPI.vhd" into library xil_defaultlib
INFO: [VRFC 10-3107] analyzing entity 'testSPI'
INFO: [USF-XSim-69] 'compile' step finished in '1' seconds
ERROR: [Common 17-39] 'launch_simulation' failed due to earlier errors.
ERROR: [Common 17-69] Command failed: ERROR: [Common 17-39] 'launch_simulation' failed due to earlier errors.

relaunch_sim
Command: launch_simulation -step compile -simset sim_1 -mode behavioral
INFO: [Vivado 12-12493] Simulation top is 'testSPI'
WARNING: [Vivado 12-13340] Unable to auto find GCC executables from simulator install path! (path not set)
INFO: [Vivado 12-5682] Launching behavioral simulation in 'C:/Users/21302088/Downloads/FPGAodometrie/FPGAodometrie.sim/sim_1/behav/xsim'
INFO: [SIM-utils-51] Simulation object is 'sim_1'
INFO: [USF-XSim-2] XSim::Compile design
INFO: [USF-XSim-61] Executing 'COMPILE and ANALYZE' step in 'C:/Users/21302088/Downloads/FPGAodometrie/FPGAodometrie.sim/sim_1/behav/xsim'
"xvhdl --incr --relax -prj testSPI_vhdl.prj"
INFO: [USF-XSim-69] 'compile' step finished in '2' seconds
Command: launch_simulation -step elaborate -simset sim_1 -mode behavioral
INFO: [Vivado 12-12493] Simulation top is 'testSPI'
WARNING: [Vivado 12-13340] Unable to auto find GCC executables from simulator install path! (path not set)
INFO: [Vivado 12-5682] Launching behavioral simulation in 'C:/Users/21302088/Downloads/FPGAodometrie/FPGAodometrie.sim/sim_1/behav/xsim'
INFO: [SIM-utils-51] Simulation object is 'sim_1'
INFO: [USF-XSim-3] XSim::Elaborate design
INFO: [USF-XSim-61] Executing 'ELABORATE' step in 'C:/Users/21302088/Downloads/FPGAodometrie/FPGAodometrie.sim/sim_1/behav/xsim'
"xelab --incr --debug typical --relax --mt 2 -L xil_defaultlib -L secureip --snapshot testSPI_behav xil_defaultlib.testSPI -log elaborate.log"
Vivado Simulator v2023.2
Copyright 1986-2022 Xilinx, Inc. All Rights Reserved.
Copyright 2022-2023 Advanced Micro Devices, Inc. All Rights Reserved.
Running: C:/Xilinx/Vivado/2023.2/bin/unwrapped/win64.o/xelab.exe --incr --debug typical --relax --mt 2 -L xil_defaultlib -L secureip --snapshot testSPI_behav xil_defaultlib.testSPI -log elaborate.log 
Using 2 slave threads.
Starting static elaboration
Completed static elaboration
Starting simulation data flow analysis
Completed simulation data flow analysis
Time Resolution for simulation is 1ps
Compiling package std.standard
Compiling package std.textio
Compiling package ieee.std_logic_1164
Compiling package ieee.std_logic_arith
Compiling package ieee.std_logic_unsigned
Compiling architecture behavioral of entity xil_defaultlib.Timer50foisParSec [timer50foisparsec_default]
Compiling architecture behavioral of entity xil_defaultlib.SPI [spi_default]
Compiling architecture behavioral of entity xil_defaultlib.testspi
Built simulation snapshot testSPI_behav
INFO: [USF-XSim-69] 'elaborate' step finished in '1' seconds
Time resolution is 1 ps
run 10 us
run 10 us
run 10 us
run 10 us
run 10 us
relaunch_sim
Command: launch_simulation -step compile -simset sim_1 -mode behavioral
INFO: [Vivado 12-12493] Simulation top is 'testSPI'
WARNING: [Vivado 12-13340] Unable to auto find GCC executables from simulator install path! (path not set)
INFO: [Vivado 12-5682] Launching behavioral simulation in 'C:/Users/21302088/Downloads/FPGAodometrie/FPGAodometrie.sim/sim_1/behav/xsim'
INFO: [SIM-utils-51] Simulation object is 'sim_1'
INFO: [USF-XSim-2] XSim::Compile design
INFO: [USF-XSim-61] Executing 'COMPILE and ANALYZE' step in 'C:/Users/21302088/Downloads/FPGAodometrie/FPGAodometrie.sim/sim_1/behav/xsim'
"xvhdl --incr --relax -prj testSPI_vhdl.prj"
INFO: [USF-XSim-69] 'compile' step finished in '1' seconds
Command: launch_simulation -step elaborate -simset sim_1 -mode behavioral
INFO: [Vivado 12-12493] Simulation top is 'testSPI'
WARNING: [Vivado 12-13340] Unable to auto find GCC executables from simulator install path! (path not set)
INFO: [Vivado 12-5682] Launching behavioral simulation in 'C:/Users/21302088/Downloads/FPGAodometrie/FPGAodometrie.sim/sim_1/behav/xsim'
INFO: [SIM-utils-51] Simulation object is 'sim_1'
INFO: [USF-XSim-3] XSim::Elaborate design
INFO: [USF-XSim-61] Executing 'ELABORATE' step in 'C:/Users/21302088/Downloads/FPGAodometrie/FPGAodometrie.sim/sim_1/behav/xsim'
"xelab --incr --debug typical --relax --mt 2 -L xil_defaultlib -L secureip --snapshot testSPI_behav xil_defaultlib.testSPI -log elaborate.log"
Vivado Simulator v2023.2
Copyright 1986-2022 Xilinx, Inc. All Rights Reserved.
Copyright 2022-2023 Advanced Micro Devices, Inc. All Rights Reserved.
Running: C:/Xilinx/Vivado/2023.2/bin/unwrapped/win64.o/xelab.exe --incr --debug typical --relax --mt 2 -L xil_defaultlib -L secureip --snapshot testSPI_behav xil_defaultlib.testSPI -log elaborate.log 
Using 2 slave threads.
Starting static elaboration
Completed static elaboration
INFO: [XSIM 43-4323] No Change in HDL. Linking previously generated obj files to create kernel
INFO: [USF-XSim-69] 'elaborate' step finished in '2' seconds
Time resolution is 1 ps
run 10 us
run 10 us
run 10 us
run 10 us
run 10 us
run 10 us
run 10 us
run 10 us
run 10 us
run 10 us
run 10 us
run 10 us
close_sim
INFO: [Simtcl 6-16] Simulation closed
exit
INFO: [Common 17-206] Exiting Vivado at Fri May 22 09:46:19 2026...
